Global RMG Settings:
   database.directory   = /nfs/pdx/disks/dts_ptm_ipag_collab_01/rmg/mrduda/RMG/RMG-database/input (Default, relative to RMG-Py source code)
RMG execution initiated at Fri Oct 17 13:59:00 2014

###################################################
# RMG-Py - Reaction Mechanism Generator in Python #
# Version: Early 2013                             #
# Authors: RMG Developers (rmg_dev@mit.edu)       #
# P.I.s:   William H. Green (whgreen@mit.edu)     #
#          Richard H. West (r.west@neu.edu)       #
# Website: http://greengroup.github.com/RMG-Py/   #
###################################################

The current git HEAD is:
	92fb2996f62ad40d1a142c470da6764074ac380b
	Fri Oct 17 13:55:15 2014 -0700

Reading input file "/nfs/pdx/disks/dts_ptm_ipag_collab_01/rmg/mrduda/RMG/RMG-Py/examples/rmg/silane/input.py"...

Loading thermodynamics library from primaryThermoLibrary.py in /nfs/pdx/disks/dts_ptm_ipag_collab_01/rmg/mrduda/RMG/RMG-database/input/thermo/libraries...
Loading thermodynamics library from SiliconHydrideLibrary.py in /nfs/pdx/disks/dts_ptm_ipag_collab_01/rmg/mrduda/RMG/RMG-database/input/thermo/libraries...
Loading thermodynamics group database from /nfs/pdx/disks/dts_ptm_ipag_collab_01/rmg/mrduda/RMG/RMG-database/input/thermo/groups...
Loading transport library from GRI-Mech.py in /nfs/pdx/disks/dts_ptm_ipag_collab_01/rmg/mrduda/RMG/RMG-database/input/transport/libraries...
Loading transport library from PrimaryTransportLibrary.py in /nfs/pdx/disks/dts_ptm_ipag_collab_01/rmg/mrduda/RMG/RMG-database/input/transport/libraries...
Loading transport group database from /nfs/pdx/disks/dts_ptm_ipag_collab_01/rmg/mrduda/RMG/RMG-database/input/transport/groups...
Not loading any of the kinetics families from /nfs/pdx/disks/dts_ptm_ipag_collab_01/rmg/mrduda/RMG/RMG-database/input/kinetics/families
Loading kinetics library Silicon_Giunta_1990 from /nfs/pdx/disks/dts_ptm_ipag_collab_01/rmg/mrduda/RMG/RMG-database/input/kinetics/libraries/Silicon_Giunta_1990/reactions.py...
Loading kinetics library DolletSi2H4 from /nfs/pdx/disks/dts_ptm_ipag_collab_01/rmg/mrduda/RMG/RMG-database/input/kinetics/libraries/DolletSi2H4/reactions.py...
Loading frequencies group database from /nfs/pdx/disks/dts_ptm_ipag_collab_01/rmg/mrduda/RMG/RMG-database/input/statmech/groups...
Loading Platts additivity group database from /nfs/pdx/disks/dts_ptm_ipag_collab_01/rmg/mrduda/RMG/RMG-database/input/solvation/groups...
Adding rate rules from training set in kinetics families...
Filling in rate rules in kinetics families by averaging...
Adding reaction library Silicon_Giunta_1990 to model edge...
Found thermo for Si2H6 in thermo library

Summary of Model Enlargement
----------------------------
Added 0 new core species
Created 5 new edge species
    SiH2(3)
    Si2H6(4)
    SiH3SiH(5)
    Si3H8(6)
    SiH2SiH2(7)
Added 0 new core reactions
Created 7 new edge reactions
    SiH4(1) <=> H2(2) + SiH2(3)
    Si2H6(4) <=> SiH4(1) + SiH2(3)
    Si2H6(4) <=> H2(2) + SiH3SiH(5)
    Si3H8(6) <=> SiH2(3) + Si2H6(4)
    Si3H8(6) <=> SiH4(1) + SiH3SiH(5)
    SiH3SiH(5) <=> SiH2SiH2(7)
    SiH2(3) + SiH2(3) <=> SiH2SiH2(7)

After model enlargement:
    The model core has 0 species and 0 reactions
    The model edge has 5 species and 7 reactions

Adding reaction library DolletSi2H4 to model edge...
This library reaction was not new: SiH3SiH(5) <=> SiH2SiH2(7)
This library reaction was not new: SiH3SiH(5) <=> H2(2) + SiH2Si(11)
This library reaction was not new: SiH4(1) + Si(8) <=> H2(2) + SiH2Si(11)
This library reaction was not new: SiH2(3) + SiH2(3) <=> SiH2SiH2(7)
Found thermo for Si in thermo library
Found thermo for SiH3 in thermo library
Found thermo for SiH in thermo library

Summary of Model Enlargement
----------------------------
Added 0 new core species
Created 5 new edge species
    Si(8)
    SiH3(9)
    SiH(10)
    SiH2Si(11)
    Si2H2(12)
Added 0 new core reactions
Created 13 new edge reactions
    SiH3SiH(5) <=> SiH4(1) + Si(8)
    SiH3SiH(5) <=> SiH3(9) + SiH(10)
    SiH3SiH(5) <=> H2(2) + SiH2Si(11)
    SiH3SiH(5) <=> SiH2(3) + SiH2(3)
    SiH4(1) + Si(8) <=> SiH3SiH(5)
    SiH4(1) + Si(8) <=> SiH2SiH2(7)
    SiH4(1) + Si(8) <=> H2(2) + SiH2Si(11)
    SiH4(1) + Si(8) <=> SiH3(9) + SiH(10)
    SiH4(1) + Si(8) <=> SiH2(3) + SiH2(3)
    H2(2) + Si2H2(12) <=> SiH2SiH2(7)
    SiH3(9) + SiH(10) <=> SiH2SiH2(7)
    SiH2(3) + SiH2(3) <=> H2(2) + Si2H2(12)
    SiH3(9) + SiH(10) <=> H2(2) + Si2H2(12)

After model enlargement:
    The model core has 0 species and 0 reactions
    The model edge has 10 species and 20 reactions

NOT generating reactions for unreactive species Ar
NOT generating reactions for unreactive species He
NOT generating reactions for unreactive species Ne
NOT generating reactions for unreactive species N2
Generating thermodynamics for new species...
Generating kinetics for new reactions...

Summary of Model Enlargement
----------------------------
Added 4 new core species
    Ar
    He
    Ne
    N2
Created 0 new edge species
Added 0 new core reactions
Created 0 new edge reactions

After model enlargement:
    The model core has 4 species and 0 reactions
    The model edge has 10 species and 20 reactions


Found thermo for SiH4 in thermo library
Found thermo for H2 in thermo library
Found thermo for Ar in thermo library
Found thermo for He in thermo library
Found thermo for Ne in thermo library
Found thermo for N2 in thermo library
Adding species SiH4(1) to model core
Adding species H2(2) to model core
Generating thermodynamics for new species...
Generating kinetics for new reactions...

Summary of Model Enlargement
----------------------------
Added 2 new core species
    SiH4(1)
    H2(2)
Created 0 new edge species
Added 0 new core reactions
Created 0 new edge reactions

After model enlargement:
    The model core has 6 species and 0 reactions
    The model edge has 10 species and 20 reactions


Saving current model core to HTML file...
Saving current model edge to HTML file...
Saving current model core to Chemkin file...
Chemkin file contains 0 reactions.
Saving current model to verbose Chemkin file...
Chemkin file contains 0 reactions.
Saving current model edge to Chemkin file...
Chemkin file contains 0 reactions.
Saving current model to verbose Chemkin file...
Chemkin file contains 0 reactions.
Chemkin file contains 20 reactions.
Saving current edge to verbose Chemkin file...
Chemkin file contains 20 reactions.
Conducting simulation of reaction system 1...
At time 2.0000e-15 s, species SiH2(3) exceeded the minimum rate for moving to model core
    Characteristic rate: 0.0000e+00 mol/m^3*s
    SiH2(3) rate: 4.7007e-01 mol/m^3*s
    SiH4(1) conversion: 0         
At time 2.0000e-15 s, species SiH2(3) exceeded the minimum rate for simulation interruption
    Characteristic rate: 0.0000e+00 mol/m^3*s
    SiH2(3) rate: 4.7007e-01 mol/m^3*s
    SiH4(1) conversion: 0         


Adding species SiH2(3) to model core
Generating thermodynamics for new species...
Generating kinetics for new reactions...

Summary of Model Enlargement
----------------------------
Added 1 new core species
    SiH2(3)
Created 0 new edge species
Moved 1 reactions from edge to core
    SiH4(1) <=> H2(2) + SiH2(3)
Added 0 new core reactions
Created 0 new edge reactions

After model enlargement:
    The model core has 7 species and 1 reactions
    The model edge has 9 species and 19 reactions


Saving current model core to HTML file...
Saving current model edge to HTML file...
Saving current model core to Chemkin file...
Chemkin file contains 1 reactions.
Saving current model to verbose Chemkin file...
Chemkin file contains 1 reactions.
Saving current model edge to Chemkin file...
Chemkin file contains 1 reactions.
Saving current model to verbose Chemkin file...
Chemkin file contains 1 reactions.
Chemkin file contains 19 reactions.
Saving current edge to verbose Chemkin file...
Chemkin file contains 19 reactions.
Updating RMG execution statistics...
    Execution time (DD:HH:MM:SS): 00:00:00:03
    Memory used: 110.21 MB

Conducting simulation of reaction system 1...
At time 2.0000e-15 s, species Si2H6(4) exceeded the minimum rate for moving to model core
    Characteristic rate: 8.1419e-01 mol/m^3*s
    Si2H6(4) rate: 1.1565e+00 mol/m^3*s (1.42)
    SiH4(1) conversion: 1.11e-16  
At time 2.0000e-15 s, species Si2H6(4) exceeded the minimum rate for simulation interruption
    Characteristic rate: 8.1419e-01 mol/m^3*s
    Si2H6(4) rate: 1.1565e+00 mol/m^3*s (1.42)
    SiH4(1) conversion: 1.11e-16  


Adding species Si2H6(4) to model core
Generating thermodynamics for new species...
Generating kinetics for new reactions...

Summary of Model Enlargement
----------------------------
Added 1 new core species
    Si2H6(4)
Created 0 new edge species
Moved 1 reactions from edge to core
    Si2H6(4) <=> SiH4(1) + SiH2(3)
Added 0 new core reactions
Created 0 new edge reactions

After model enlargement:
    The model core has 8 species and 2 reactions
    The model edge has 8 species and 18 reactions


Saving current model core to HTML file...
Saving current model edge to HTML file...
Saving current model core to Chemkin file...
Chemkin file contains 2 reactions.
Saving current model to verbose Chemkin file...
Chemkin file contains 2 reactions.
Saving current model edge to Chemkin file...
Chemkin file contains 2 reactions.
Saving current model to verbose Chemkin file...
Chemkin file contains 2 reactions.
Chemkin file contains 18 reactions.
Saving current edge to verbose Chemkin file...
Chemkin file contains 18 reactions.
Updating RMG execution statistics...
    Execution time (DD:HH:MM:SS): 00:00:00:03
    Memory used: 110.21 MB

Conducting simulation of reaction system 1...
At time 1.9024e-02 s, species SiH3SiH(5) exceeded the minimum rate for moving to model core
    Characteristic rate: 1.1487e+00 mol/m^3*s
    SiH3SiH(5) rate: 1.3965e-02 mol/m^3*s (0.01216)
    SiH4(1) conversion: 0.002376  
At time 1.6944e-01 s, species SiH3SiH(5) exceeded the minimum rate for simulation interruption
    Characteristic rate: 1.1273e+00 mol/m^3*s
    SiH3SiH(5) rate: 1.2322e-01 mol/m^3*s (0.1093)
    SiH4(1) conversion: 0.02097   


Adding species SiH3SiH(5) to model core
Generating thermodynamics for new species...
Generating kinetics for new reactions...

Summary of Model Enlargement
----------------------------
Added 1 new core species
    SiH3SiH(5)
Created 0 new edge species
Moved 2 reactions from edge to core
    Si2H6(4) <=> H2(2) + SiH3SiH(5)
    SiH3SiH(5) <=> SiH2(3) + SiH2(3)
Added 0 new core reactions
Created 0 new edge reactions

After model enlargement:
    The model core has 9 species and 4 reactions
    The model edge has 7 species and 16 reactions


Saving current model core to HTML file...
Saving current model edge to HTML file...
Saving current model core to Chemkin file...
Chemkin file contains 4 reactions.
Saving current model to verbose Chemkin file...
Chemkin file contains 4 reactions.
Saving current model edge to Chemkin file...
Chemkin file contains 4 reactions.
Saving current model to verbose Chemkin file...
Chemkin file contains 4 reactions.
Chemkin file contains 16 reactions.
Saving current edge to verbose Chemkin file...
Chemkin file contains 16 reactions.
Updating RMG execution statistics...
    Execution time (DD:HH:MM:SS): 00:00:00:03
    Memory used: 110.36 MB

Conducting simulation of reaction system 1...
At time 1.8655e+01 s, reached target termination conversion: 0.900000 of SiH4(1)
    SiH4(1) conversion: 0.903     

Saving current model core to HTML file...
Saving current model edge to HTML file...
Saving current model core to Chemkin file...
Chemkin file contains 4 reactions.
Saving current model to verbose Chemkin file...
Chemkin file contains 4 reactions.
Saving current model edge to Chemkin file...
Chemkin file contains 4 reactions.
Saving current model to verbose Chemkin file...
Chemkin file contains 4 reactions.
Chemkin file contains 16 reactions.
Saving current edge to verbose Chemkin file...
Chemkin file contains 16 reactions.
Saving restart file...
Updating RMG execution statistics...
    Execution time (DD:HH:MM:SS): 00:00:00:03
    Memory used: 110.40 MB


MODEL GENERATION COMPLETED

The final model core has 9 species and 4 reactions
The final model edge has 7 species and 16 reactions

RMG execution terminated at Fri Oct 17 13:59:03 2014
