Global RMG Settings:
   database.directory   = /Users/belinda/Code/RMG-database/input (Default, relative to RMG-Py source code)
RMG execution initiated at Thu Jan 14 16:26:16 2016

#########################################################
# RMG-Py - Reaction Mechanism Generator in Python       #
# Version: 0.1.0                                        #
# Authors: RMG Developers (rmg_dev@mit.edu)             #
# P.I.s:   William H. Green (whgreen@mit.edu)           #
#          Richard H. West (r.west@neu.edu)             #
# Website: http://reactionmechanismgenerator.github.io/ #
#########################################################

The current git HEAD is:
	49c19a9069edabca81db399b9b08ada2ded692e9
	Mon Jan 11 16:59:40 2016 -0500

Reading input file "/Users/belinda/Code/RMG-Py/examples/rmg/silane/input.py"...

Loading thermodynamics library from primaryThermoLibrary.py in /Users/belinda/Code/RMG-database/input/thermo/libraries...
Loading thermodynamics library from SiliconHydrideLibrary.py in /Users/belinda/Code/RMG-database/input/thermo/libraries...
Loading thermodynamics group database from /Users/belinda/Code/RMG-database/input/thermo/groups...
Loading transport library from GRI-Mech.py in /Users/belinda/Code/RMG-database/input/transport/libraries...
Consistency checking of multiplicity of molecules with more than 2 unpaired electrons is not implemented yet!
Loading transport library from PrimaryTransportLibrary.py in /Users/belinda/Code/RMG-database/input/transport/libraries...
Loading transport group database from /Users/belinda/Code/RMG-database/input/transport/groups...
Loading the user-specified kinetics families from /Users/belinda/Code/RMG-database/input/kinetics/families
Loading kinetics library Silicon_Giunta_1990 from /Users/belinda/Code/RMG-database/input/kinetics/libraries/Silicon_Giunta_1990/reactions.py...
Loading kinetics library DolletSi2H4 from /Users/belinda/Code/RMG-database/input/kinetics/libraries/DolletSi2H4/reactions.py...
Loading frequencies group database from /Users/belinda/Code/RMG-database/input/statmech/groups...
Loading Platts additivity group database from /Users/belinda/Code/RMG-database/input/solvation/groups...
Adding rate rules from training set in kinetics families...
Found thermo for O2 in thermo library: primarythermolibrary
Found thermo for O2 in thermo library: primarythermolibrary
Found thermo for O2 in thermo library: primarythermolibrary
Found thermo for SiH4 in thermo library: siliconhydridelibrary
Found thermo for SiH3 in thermo library: siliconhydridelibrary
Found thermo for H in thermo library: primarythermolibrary
Filling in rate rules in kinetics families by averaging...
Adding reaction library Silicon_Giunta_1990 to model edge...
Found thermo for SiH2 in thermo library: siliconhydridelibrary
Found thermo for H2 in thermo library: primarythermolibrary
Found thermo for Si2H6 in thermo library: siliconhydridelibrary
Found thermo for SiH3SiH in thermo library: siliconhydridelibrary
Found thermo for SiH2SiH2 in thermo library: siliconhydridelibrary

Summary of Model Enlargement
----------------------------
Added 0 new core species
Created 6 new edge species
    SiH2(2)
    H2(3)
    Si2H6(4)
    SiH3SiH(5)
    Si3H8(6)
    SiH2SiH2(7)
Added 0 new core reactions
Created 7 new edge reactions
    SiH4(1) <=> SiH2(2) + H2(3)
    Si2H6(4) <=> SiH4(1) + SiH2(2)
    Si2H6(4) <=> H2(3) + SiH3SiH(5)
    Si3H8(6) <=> SiH2(2) + Si2H6(4)
    Si3H8(6) <=> SiH4(1) + SiH3SiH(5)
    SiH3SiH(5) <=> SiH2SiH2(7)
    SiH2(2) + SiH2(2) <=> SiH2SiH2(7)

After model enlargement:
    The model core has 0 species and 0 reactions
    The model edge has 6 species and 7 reactions

Adding reaction library DolletSi2H4 to model edge...
This library reaction was not new: SiH3SiH(5) => SiH2SiH2(7)
This library reaction was not new: SiH2(2) + SiH2(2) => SiH2SiH2(7)
Found thermo for Si in thermo library: siliconhydridelibrary
Found thermo for SiH3 in thermo library: siliconhydridelibrary
Found thermo for SiH in thermo library: siliconhydridelibrary
Found thermo for Si2H2 in thermo library: siliconhydridelibrary

Summary of Model Enlargement
----------------------------
Added 0 new core species
Created 5 new edge species
    Si(8)
    SiH3(9)
    SiH(10)
    SiH2Si(11)
    Si2H2(12)
Added 0 new core reactions
Created 15 new edge reactions
    SiH3SiH(5) => SiH4(1) + Si(8)
    SiH3SiH(5) => SiH3(9) + SiH(10)
    SiH3SiH(5) => H2(3) + SiH2Si(11)
    SiH3SiH(5) => H2(3) + SiH2Si(11)
    SiH3SiH(5) => SiH2(2) + SiH2(2)
    SiH4(1) + Si(8) => SiH3SiH(5)
    SiH4(1) + Si(8) => SiH2SiH2(7)
    SiH4(1) + Si(8) => H2(3) + SiH2Si(11)
    SiH4(1) + Si(8) => H2(3) + SiH2Si(11)
    SiH4(1) + Si(8) => SiH3(9) + SiH(10)
    SiH4(1) + Si(8) => SiH2(2) + SiH2(2)
    H2(3) + Si2H2(12) => SiH2SiH2(7)
    SiH3(9) + SiH(10) => SiH2SiH2(7)
    SiH2(2) + SiH2(2) => H2(3) + Si2H2(12)
    SiH3(9) + SiH(10) => H2(3) + Si2H2(12)

After model enlargement:
    The model core has 0 species and 0 reactions
    The model edge has 11 species and 22 reactions

Found thermo for SiH4 in thermo library: siliconhydridelibrary
Found thermo for Ar in thermo library: primarythermolibrary
Found thermo for He in thermo library: primarythermolibrary
Found thermo for Ne in thermo library: primarythermolibrary
Found thermo for N2 in thermo library: primarythermolibrary
NOT generating reactions for unreactive species Ar
Generating thermodynamics for new species...
Generating kinetics for new reactions...

Summary of Model Enlargement
----------------------------
Added 1 new core species
    Ar
Created 0 new edge species
Added 0 new core reactions
Created 0 new edge reactions

After model enlargement:
    The model core has 1 species and 0 reactions
    The model edge has 11 species and 22 reactions


NOT generating reactions for unreactive species He
Generating thermodynamics for new species...
Generating kinetics for new reactions...

Summary of Model Enlargement
----------------------------
Added 1 new core species
    He
Created 0 new edge species
Added 0 new core reactions
Created 0 new edge reactions

After model enlargement:
    The model core has 2 species and 0 reactions
    The model edge has 11 species and 22 reactions


NOT generating reactions for unreactive species Ne
Generating thermodynamics for new species...
Generating kinetics for new reactions...

Summary of Model Enlargement
----------------------------
Added 1 new core species
    Ne
Created 0 new edge species
Added 0 new core reactions
Created 0 new edge reactions

After model enlargement:
    The model core has 3 species and 0 reactions
    The model edge has 11 species and 22 reactions


NOT generating reactions for unreactive species N2
Generating thermodynamics for new species...
Generating kinetics for new reactions...

Summary of Model Enlargement
----------------------------
Added 1 new core species
    N2
Created 0 new edge species
Added 0 new core reactions
Created 0 new edge reactions

After model enlargement:
    The model core has 4 species and 0 reactions
    The model edge has 11 species and 22 reactions


Adding species SiH4(1) to model core
Generating thermodynamics for new species...
Found thermo for [H] in thermo library: primarythermolibrary
Generating kinetics for new reactions...
For reaction SiH4(1) <=> SiH3(9) + [H](13), Ea raised from 374.2 to 380.7 kJ/mol to match endothermicity of reaction.

Summary of Model Enlargement
----------------------------
Added 1 new core species
    SiH4(1)
Created 1 new edge species
    [H](13)
Added 0 new core reactions
Created 1 new edge reactions
    SiH4(1) <=> SiH3(9) + [H](13)

After model enlargement:
    The model core has 5 species and 0 reactions
    The model edge has 12 species and 23 reactions


Saving current model core to HTML file...
Saving current model edge to HTML file...
Saving current model core to Chemkin file...
Chemkin file contains 0 reactions.
Saving current model to verbose Chemkin file...
Chemkin file contains 0 reactions.
Saving current model core and edge to Chemkin file...
Chemkin file contains 23 reactions.
Saving current core and edge to verbose Chemkin file...
Chemkin file contains 23 reactions.
Conducting simulation of reaction system 1...
At time 1.0000e-15 s, species SiH2(2) exceeded the minimum rate for moving to model core
    Characteristic rate: 0.0000e+00 mol/m^3*s
    SiH2(2) rate: 6.6919e-02 mol/m^3*s
    SiH4(1) conversion: 0         
At time 1.0000e-15 s, species SiH2(2) exceeded the minimum rate for simulation interruption
    Characteristic rate: 0.0000e+00 mol/m^3*s
    SiH2(2) rate: 6.6919e-02 mol/m^3*s
    SiH4(1) conversion: 0         


Adding species SiH2(2) to model core
Generating thermodynamics for new species...
Generating kinetics for new reactions...

Summary of Model Enlargement
----------------------------
Added 1 new core species
    SiH2(2)
Created 1 new edge species
    [SiH4](14)
Added 0 new core reactions
Created 2 new edge reactions
    SiH(10) + [H](13) <=> SiH2(2)
    H2(3) + [SiH4](14) <=> SiH2(2)

After model enlargement:
    The model core has 6 species and 0 reactions
    The model edge has 12 species and 25 reactions


Saving current model core to HTML file...
Saving current model edge to HTML file...
Saving current model core to Chemkin file...
Chemkin file contains 0 reactions.
Saving current model to verbose Chemkin file...
Chemkin file contains 0 reactions.
Saving current model core and edge to Chemkin file...
Chemkin file contains 25 reactions.
Saving current core and edge to verbose Chemkin file...
Chemkin file contains 25 reactions.
Updating RMG execution statistics...
    Execution time (DD:HH:MM:SS): 00:00:00:04
    Memory used: 127.68 MB

Conducting simulation of reaction system 1...
At time 1.0000e-15 s, species H2(3) exceeded the minimum rate for moving to model core
    Characteristic rate: 0.0000e+00 mol/m^3*s
    H2(3) rate: 6.6919e-02 mol/m^3*s
    SiH4(1) conversion: 0         
At time 1.0000e-15 s, species H2(3) exceeded the minimum rate for simulation interruption
    Characteristic rate: 0.0000e+00 mol/m^3*s
    H2(3) rate: 6.6919e-02 mol/m^3*s
    SiH4(1) conversion: 0         


Adding species H2(3) to model core
Generating thermodynamics for new species...
Generating kinetics for new reactions...

Summary of Model Enlargement
----------------------------
Added 1 new core species
    H2(3)
Created 0 new edge species
Moved 1 reactions from edge to core
    SiH4(1) <=> SiH2(2) + H2(3)
Added 0 new core reactions
Created 1 new edge reactions
    [H](13) + [H](13) <=> H2(3)

After model enlargement:
    The model core has 7 species and 1 reactions
    The model edge has 11 species and 25 reactions


Saving current model core to HTML file...
Saving current model edge to HTML file...
Saving current model core to Chemkin file...
Chemkin file contains 1 reactions.
Saving current model to verbose Chemkin file...
Chemkin file contains 1 reactions.
Saving current model core and edge to Chemkin file...
Chemkin file contains 26 reactions.
Saving current core and edge to verbose Chemkin file...
Chemkin file contains 26 reactions.
Updating RMG execution statistics...
    Execution time (DD:HH:MM:SS): 00:00:00:04
    Memory used: 127.84 MB

Conducting simulation of reaction system 1...
At time 3.0000e-15 s, species [SiH4](14) exceeded the minimum rate for moving to model core
    Characteristic rate: 1.1591e-01 mol/m^3*s
    [SiH4](14) rate: 2.2714e-02 mol/m^3*s (0.196)
    SiH4(1) conversion: 2.229e-13 
At time 1.5000e-14 s, species [SiH4](14) exceeded the minimum rate for simulation interruption
    Characteristic rate: 1.1591e-01 mol/m^3*s
    [SiH4](14) rate: 1.0003e-01 mol/m^3*s (0.863)
    SiH4(1) conversion: 1.307e-12 


Adding species [SiH4](14) to model core
Generating thermodynamics for new species...
Generating kinetics for new reactions...
For reaction SiH4(1) + [SiH4](14) <=> SiH3SiH(5), Ea raised from -1.9 to 5.2 kJ/mol to match endothermicity of reaction.

Summary of Model Enlargement
----------------------------
Added 1 new core species
    [SiH4](14)
Created 0 new edge species
Moved 1 reactions from edge to core
    H2(3) + [SiH4](14) <=> SiH2(2)
Added 0 new core reactions
Created 1 new edge reactions
    SiH4(1) + [SiH4](14) <=> SiH3SiH(5)

After model enlargement:
    The model core has 8 species and 2 reactions
    The model edge has 10 species and 25 reactions


Saving current model core to HTML file...
Saving current model edge to HTML file...
Saving current model core to Chemkin file...
Chemkin file contains 2 reactions.
Saving current model to verbose Chemkin file...
Chemkin file contains 2 reactions.
Saving current model core and edge to Chemkin file...
Chemkin file contains 27 reactions.
Saving current core and edge to verbose Chemkin file...
Chemkin file contains 27 reactions.
Updating RMG execution statistics...
    Execution time (DD:HH:MM:SS): 00:00:00:04
    Memory used: 127.88 MB

Conducting simulation of reaction system 1...
At time 1.5099e-07 s, species SiH3SiH(5) exceeded the minimum rate for moving to model core
    Characteristic rate: 1.6392e-01 mol/m^3*s
    SiH3SiH(5) rate: 1.8019e-02 mol/m^3*s (0.1099)
    SiH4(1) conversion: 1.364e-05 
At time 1.0000e-06 s, species SiH3SiH(5) exceeded the minimum rate for simulation interruption
    Characteristic rate: 1.6390e-01 mol/m^3*s
    SiH3SiH(5) rate: 1.3813e-01 mol/m^3*s (0.8427)
    SiH4(1) conversion: 9.032e-05 


Adding species SiH3SiH(5) to model core
Generating thermodynamics for new species...
Generating kinetics for new reactions...
For reaction SiH3SiH(5) + [SiH4](14) <=> [SiH3][SiH2][SiH3](18), Ea raised from -1.9 to 16.5 kJ/mol to match endothermicity of reaction.

Summary of Model Enlargement
----------------------------
Added 1 new core species
    SiH3SiH(5)
Created 5 new edge species
    [SiH2][SiH3](15)
    [SiH2][SiH3](16)
    [SiH3][SiH2][SiH3](17)
    [SiH3][SiH2][SiH3](18)
    [SiH3][SiH2][SiH2][SiH3](19)
Moved 2 reactions from edge to core
    SiH3SiH(5) => SiH2(2) + SiH2(2)
    SiH4(1) + [SiH4](14) <=> SiH3SiH(5)
Added 0 new core reactions
Created 6 new edge reactions
    [H](13) + [SiH2][SiH3](15) <=> SiH3SiH(5)
    [H](13) + [SiH2][SiH3](16) <=> SiH3SiH(5)
    H2(3) + Si2H2(12) <=> SiH3SiH(5)
    SiH2(2) + SiH3SiH(5) <=> [SiH3][SiH2][SiH3](17)
    SiH3SiH(5) + [SiH4](14) <=> [SiH3][SiH2][SiH3](18)
    SiH3SiH(5) + SiH3SiH(5) <=> [SiH3][SiH2][SiH2][SiH3](19)

After model enlargement:
    The model core has 9 species and 4 reactions
    The model edge has 14 species and 29 reactions


Saving current model core to HTML file...
Saving current model edge to HTML file...
Saving current model core to Chemkin file...
Chemkin file contains 4 reactions.
Saving current model to verbose Chemkin file...
Chemkin file contains 4 reactions.
Saving current model core and edge to Chemkin file...
Chemkin file contains 33 reactions.
Saving current core and edge to verbose Chemkin file...
Chemkin file contains 33 reactions.
Updating RMG execution statistics...
    Execution time (DD:HH:MM:SS): 00:00:00:05
    Memory used: 128.20 MB

Conducting simulation of reaction system 1...
At time 2.5820e-02 s, reached target termination conversion: 0.900000 of SiH4(1)
    SiH4(1) conversion: 0.9029    

Saving current model core to HTML file...
Saving current model edge to HTML file...
Saving current model core to Chemkin file...
Chemkin file contains 4 reactions.
Saving current model to verbose Chemkin file...
Chemkin file contains 4 reactions.
Saving current model core and edge to Chemkin file...
Chemkin file contains 33 reactions.
Saving current core and edge to verbose Chemkin file...
Chemkin file contains 33 reactions.
Saving restart file...
Updating RMG execution statistics...
    Execution time (DD:HH:MM:SS): 00:00:00:05
    Memory used: 128.96 MB

Updating RMG execution statistics...
    Execution time (DD:HH:MM:SS): 00:00:00:05
    Memory used: 128.96 MB

MODEL GENERATION COMPLETED

The final model core has 9 species and 4 reactions
The final model edge has 14 species and 29 reactions

RMG execution terminated at Thu Jan 14 16:26:21 2016
